<?xml version="1.0" encoding="UTF-8"?>
<!-- Generated by org.testng.reporters.JUnitReportReporter -->
<testsuite hostname="ajdevtech-OptiPlex-3040" failures="0" tests="1" name="rapify.Uifunctionality" time="25.867" errors="0" timestamp="2024-01-25T10:49:13 IST" skipped="0">
  <testcase classname="rapify.Uifunctionality" name="test" time="25.867"/>
  <system-out/>
</testsuite> <!-- rapify.Uifunctionality -->
